0 info it worked if it ends with ok
1 verbose cli [ '/usr/local/Cellar/node/0.10.24/bin/node',
1 verbose cli   '/usr/local/bin/npm',
1 verbose cli   'start',
1 verbose cli   'watch-js' ]
2 info using npm@1.3.21
3 info using node@v0.10.24
4 error Error: ENOENT, open '/Users/pdrummond/src/sts-old/olz-reta/src/main/resources/public/oric/node_modules/watch-js/package.json'
5 error If you need help, you may report this *entire* log,
5 error including the npm and node versions, at:
5 error     <http://github.com/isaacs/npm/issues>
6 error System Darwin 14.1.0
7 error command "/usr/local/Cellar/node/0.10.24/bin/node" "/usr/local/bin/npm" "start" "watch-js"
8 error cwd /Users/pdrummond/src/sts-old/olz-reta/src/main/resources/public/oric
9 error node -v v0.10.24
10 error npm -v 1.3.21
11 error path /Users/pdrummond/src/sts-old/olz-reta/src/main/resources/public/oric/node_modules/watch-js/package.json
12 error code ENOENT
13 error errno 34
14 verbose exit [ 34, true ]
